Building DAG of jobs...
Using shell: /usr/bin/bash
Provided cores: 1 (use --cores to define parallelism)
Rules claiming more threads will be scaled down.
Job stats:
job          count    min threads    max threads
---------  -------  -------------  -------------
findhaplo        1              1              1
total            1              1              1

Select jobs to execute...

[Wed Oct 26 21:41:50 2022]
rule findhaplo:
    input: HL6.raw_variants.vcf
    jobid: 0
    reason: Rules with a run or shell declaration but no output are always executed.
    resources: tmpdir=/tmp

[Wed Oct 26 21:45:15 2022]
Finished job 0.
1 of 1 steps (100%) done
Complete log: .snakemake/log/2022-10-26T214150.798920.snakemake.log
