Building DAG of jobs...
Using shell: /usr/bin/bash
Provided cores: 1 (use --cores to define parallelism)
Rules claiming more threads will be scaled down.
Job stats:
job            count    min threads    max threads
-----------  -------  -------------  -------------
extractmito        1              1              1
findhaplo          1              1              1
total              2              1              1

Select jobs to execute...

[Wed Oct 26 21:56:28 2022]
rule extractmito:
    input: HL6.raw_variants.vcf
    output: HL6.mito.vcf.recode.vcf
    jobid: 1
    reason: Missing output files: HL6.mito.vcf.recode.vcf
    resources: tmpdir=/tmp

[Wed Oct 26 21:56:29 2022]
Finished job 1.
1 of 2 steps (50%) done
Select jobs to execute...

[Wed Oct 26 21:56:29 2022]
rule findhaplo:
    input: HL6.mito.vcf.recode.vcf
    jobid: 0
    reason: Rules with a run or shell declaration but no output are always executed.
    resources: tmpdir=/tmp

[Wed Oct 26 21:56:29 2022]
Finished job 0.
2 of 2 steps (100%) done
Complete log: .snakemake/log/2022-10-26T215628.556426.snakemake.log
