Building DAG of jobs...
Using shell: /usr/bin/bash
Provided cores: 12
Rules claiming more threads will be scaled down.
Job stats:
job          count    min threads    max threads
---------  -------  -------------  -------------
findhaplo        1              1              1
total            1              1              1

Select jobs to execute...

[Wed Oct 26 21:41:27 2022]
rule findhaplo:
    input: HL6.raw_variants.vcf
    jobid: 0
    reason: Rules with a run or shell declaration but no output are always executed.
    resources: tmpdir=/tmp

Terminating processes on user request, this might take some time.
[Wed Oct 26 21:41:33 2022]
Error in rule findhaplo:
    jobid: 0
    shell:
        haplogrep classify --input HL6.raw_variants.vcf --output haplogroups.txt --format vcf
        (one of the commands exited with non-zero exit code; note that snakemake uses bash strict mode!)

Complete log: .snakemake/log/2022-10-26T214127.238980.snakemake.log
