Building DAG of jobs...
Using shell: /usr/bin/bash
Provided cores: 1 (use --cores to define parallelism)
Rules claiming more threads will be scaled down.
Job stats:
job            count    min threads    max threads
-----------  -------  -------------  -------------
extractmito        1              1              1
total              1              1              1

Select jobs to execute...

[Fri Oct 28 10:13:55 2022]
rule extractmito:
    input: HEL.raw.vcf
    output: HEL.mito.vcf.recode.vcf
    jobid: 0
    reason: Missing output files: HEL.mito.vcf.recode.vcf
    resources: tmpdir=/tmp

[Fri Oct 28 10:13:55 2022]
Finished job 0.
1 of 1 steps (100%) done
Complete log: .snakemake/log/2022-10-28T101355.388089.snakemake.log
