Building DAG of jobs...
Using shell: /usr/bin/bash
Provided cores: 1 (use --cores to define parallelism)
Rules claiming more threads will be scaled down.
Job stats:
job            count    min threads    max threads
-----------  -------  -------------  -------------
extractmito        1              1              1
total              1              1              1

Select jobs to execute...

[Wed Oct 26 21:56:00 2022]
rule extractmito:
    input: HL6.raw_variants.vcf
    output: HL6.mito.vcf.recode.vcf
    jobid: 0
    reason: Missing output files: HL6.mito.vcf.recode.vcf
    resources: tmpdir=/tmp

[Wed Oct 26 21:56:01 2022]
Finished job 0.
1 of 1 steps (100%) done
Complete log: .snakemake/log/2022-10-26T215600.470028.snakemake.log
