Building DAG of jobs...
Using shell: /usr/bin/bash
Provided cores: 1 (use --cores to define parallelism)
Rules claiming more threads will be scaled down.
Job stats:
job            count    min threads    max threads
-----------  -------  -------------  -------------
extractmito        1              1              1
total              1              1              1

Select jobs to execute...

[Wed Oct 26 21:48:48 2022]
rule extractmito:
    input: HL6.raw_variants.vcf
    jobid: 0
    reason: Rules with a run or shell declaration but no output are always executed.
    resources: tmpdir=/tmp

[Wed Oct 26 21:48:48 2022]
Error in rule extractmito:
    jobid: 0
    shell:
        vcftools --vcf HL6.raw_variants.vcf --out HL6.mito.vcf --chr NC_012920.1 --recode
        (one of the commands exited with non-zero exit code; note that snakemake uses bash strict mode!)

Shutting down, this might take some time.
Exiting because a job execution failed. Look above for error message
Complete log: .snakemake/log/2022-10-26T214848.776615.snakemake.log
